<?xml version="1.0" encoding="UTF-8"?>
<!-- Generated by org.testng.reporters.JUnitXMLReporter -->
<testsuite hostname="santoshlavanya" name="chrometestcase" tests="1" failures="1" timestamp="6 May 2017 19:18:34 GMT" time="0.008" errors="0">
  <testcase name="testhomepage" time="0.003" classname="testcases.VerifyHomePage">
    <failure type="java.lang.NullPointerException">
      <![CDATA[java.lang.NullPointerException
	at dataprovider.ConfigDataProvider.getchromepath(ConfigDataProvider.java:31)
	at factory.BrowserFactory.getbrowser(BrowserFactory.java:28)
	at testcases.VerifyHomePage.testhomepage(VerifyHomePage.java:18)
... Removed 24 stack frames]]>
    </failure>
  </testcase> <!-- testhomepage -->
</testsuite> <!-- chrometestcase -->
