<?xml version="1.0" encoding="UTF-8"?>
<testng-results skipped="0" failed="0" total="1" passed="1">
  <reporter-output>
  </reporter-output>
  <suite name="Default suite" duration-ms="24659" started-at="2017-05-11T00:39:20Z" finished-at="2017-05-11T00:39:45Z">
    <groups>
    </groups>
    <test name="Default test" duration-ms="24659" started-at="2017-05-11T00:39:20Z" finished-at="2017-05-11T00:39:45Z">
      <class name="testcases.VerifyLoginPagewithreports">
        <test-method status="PASS" signature="setup()[pri:0, instance:testcases.VerifyLoginPagewithreports@4883b407]" name="setup" is-config="true" duration-ms="15732" started-at="2017-05-11T01:39:20Z" finished-at="2017-05-11T01:39:36Z">
          <reporter-output>
          </reporter-output>
        </test-method> <!-- setup -->
        <test-method status="PASS" signature="testhomepage()[pri:0, instance:testcases.VerifyLoginPagewithreports@4883b407]" name="testhomepage" duration-ms="7567" started-at="2017-05-11T01:39:36Z" finished-at="2017-05-11T01:39:44Z">
          <reporter-output>
          </reporter-output>
        </test-method> <!-- testhomepage -->
        <test-method status="PASS" signature="teardown()[pri:0, instance:testcases.VerifyLoginPagewithreports@4883b407]" name="teardown" is-config="true" duration-ms="1344" started-at="2017-05-11T01:39:44Z" finished-at="2017-05-11T01:39:45Z">
          <reporter-output>
          </reporter-output>
        </test-method> <!-- teardown -->
      </class> <!-- testcases.VerifyLoginPagewithreports -->
    </test> <!-- Default test -->
  </suite> <!-- Default suite -->
</testng-results>
